My server Id: 2
My server Id: 0
My server Id: 3
My server Id: 1
Got the following server configs: {[{0 localhost 8080} {1 localhost 8081} {2 localhost 8082} {3 localhost 8083}]}
Got the following server configs: {[{0 localhost 8080} {1 localhost 8081} {2 localhost 8082} {3 localhost 8083}]}
Got the following server configs: {[{0 localhost 8080} {1 localhost 8081} {2 localhost 8082} {3 localhost 8083}]}
Got the following server configs: {[{0 localhost 8080} {1 localhost 8081} {2 localhost 8082} {3 localhost 8083}]}
Data :  1048576
Data :  1048576
Data :  1048576
Data :  1048576
My server Id: 3
My server Id: 0
My server Id: 1
My server Id: 2
Got the following server configs: {[{0 localhost 8080} {1 localhost 8081} {2 localhost 8082} {3 localhost 8083}]}
Got the following server configs: {[{0 localhost 8080} {1 localhost 8081} {2 localhost 8082} {3 localhost 8083}]}
Got the following server configs: {[{0 localhost 8080} {1 localhost 8081} {2 localhost 8082} {3 localhost 8083}]}
Got the following server configs: {[{0 localhost 8080} {1 localhost 8081} {2 localhost 8082} {3 localhost 8083}]}
Data :  10
Data :  10
Data Sent from Server  3
Data Sent from Server  2
Data :  10
Data :  10
Data Sent from Server  1
Data Sent from Server  0
Val :  6 0
Val :  17 1
Val :  10 2
Val :  7 3
My server Id: 1
My server Id: 2
My server Id: 3
My server Id: 0
Got the following server configs: {[{0 localhost 8080} {1 localhost 8081} {2 localhost 8082} {3 localhost 8083}]}
Got the following server configs: {[{0 localhost 8080} {1 localhost 8081} {2 localhost 8082} {3 localhost 8083}]}
Got the following server configs: {[{0 localhost 8080} {1 localhost 8081} {2 localhost 8082} {3 localhost 8083}]}
Got the following server configs: {[{0 localhost 8080} {1 localhost 8081} {2 localhost 8082} {3 localhost 8083}]}
Data :  1048576
Data :  1048576
Data :  1048576
Data :  1048576
My server Id: 3
My server Id: 1
My server Id: 0
My server Id: 2
Got the following server configs: {[{0 localhost 8080} {1 localhost 8081} {2 localhost 8082} {3 localhost 8083}]}
Got the following server configs: {[{0 localhost 8080} {1 localhost 8081} {2 localhost 8082} {3 localhost 8083}]}
Got the following server configs: {[{0 localhost 8080} {1 localhost 8081} {2 localhost 8082} {3 localhost 8083}]}
Got the following server configs: {[{0 localhost 8080} {1 localhost 8081} {2 localhost 8082} {3 localhost 8083}]}
2023/01/27 17:41:26 netsort.go:55: Unable to listen listen tcp 127.0.0.1:8082: bind: address already in use
2023/01/27 17:41:26 netsort.go:55: Unable to listen listen tcp 127.0.0.1:8080: bind: address already in use
2023/01/27 17:41:26 netsort.go:55: Unable to listen listen tcp 127.0.0.1:8083: bind: address already in use
2023/01/27 17:41:26 netsort.go:55: Unable to listen listen tcp 127.0.0.1:8081: bind: address already in use
